{"/Volumes/DATA/Udemy/Proyects/NPM-Projects-Course/nodets/proyecto-2c-crono/dist/index.js":{"path":"/Volumes/DATA/Udemy/Proyects/NPM-Projects-Course/nodets/proyecto-2c-crono/dist/index.js","s":{"1":1,"2":4,"3":4,"4":4,"5":1,"6":1,"7":1,"8":1,"9":1},"b":{"1":[4,0]},"f":{"1":4},"fnMap":{"1":{"name":"__export","line":2,"loc":{"start":{"line":2,"column":0},"end":{"line":2,"column":21}}}},"statementMap":{"1":{"start":{"line":2,"column":0},"end":{"line":4,"column":1}},"2":{"start":{"line":3,"column":4},"end":{"line":3,"column":71}},"3":{"start":{"line":3,"column":21},"end":{"line":3,"column":71}},"4":{"start":{"line":3,"column":53},"end":{"line":3,"column":71}},"5":{"start":{"line":5,"column":0},"end":{"line":5,"column":62}},"6":{"start":{"line":6,"column":0},"end":{"line":6,"column":33}},"7":{"start":{"line":7,"column":0},"end":{"line":7,"column":34}},"8":{"start":{"line":8,"column":0},"end":{"line":8,"column":32}},"9":{"start":{"line":9,"column":0},"end":{"line":9,"column":35}}},"branchMap":{"1":{"line":3,"type":"if","locations":[{"start":{"line":3,"column":21},"end":{"line":3,"column":21}},{"start":{"line":3,"column":21},"end":{"line":3,"column":21}}]}}},"/Volumes/DATA/Udemy/Proyects/NPM-Projects-Course/nodets/proyecto-2c-crono/dist/constants.js":{"path":"/Volumes/DATA/Udemy/Proyects/NPM-Projects-Course/nodets/proyecto-2c-crono/dist/constants.js","s":{"1":1,"2":1,"3":1,"4":1,"5":1,"6":1,"7":1,"8":1},"b":{"1":[1,1]},"f":{"1":1},"fnMap":{"1":{"name":"(anonymous_1)","line":7,"loc":{"start":{"line":7,"column":1},"end":{"line":7,"column":19}}}},"statementMap":{"1":{"start":{"line":2,"column":0},"end":{"line":2,"column":62}},"2":{"start":{"line":6,"column":0},"end":{"line":6,"column":11}},"3":{"start":{"line":7,"column":0},"end":{"line":13,"column":53}},"4":{"start":{"line":8,"column":4},"end":{"line":8,"column":45}},"5":{"start":{"line":9,"column":4},"end":{"line":9,"column":49}},"6":{"start":{"line":10,"column":4},"end":{"line":10,"column":51}},"7":{"start":{"line":11,"column":4},"end":{"line":11,"column":48}},"8":{"start":{"line":12,"column":4},"end":{"line":12,"column":63}}},"branchMap":{"1":{"line":13,"type":"binary-expr","locations":[{"start":{"line":13,"column":12},"end":{"line":13,"column":26}},{"start":{"line":13,"column":31},"end":{"line":13,"column":50}}]}}},"/Volumes/DATA/Udemy/Proyects/NPM-Projects-Course/nodets/proyecto-2c-crono/dist/conversion.js":{"path":"/Volumes/DATA/Udemy/Proyects/NPM-Projects-Course/nodets/proyecto-2c-crono/dist/conversion.js","s":{"1":1,"2":1,"3":1,"4":24,"5":2,"6":22,"7":22,"8":22,"9":22,"10":1,"11":1,"12":22,"13":22,"14":22,"15":22,"16":1,"17":66},"b":{"1":[2,22],"2":[24,17,23,7],"3":[56,10]},"f":{"1":24,"2":22,"3":66},"fnMap":{"1":{"name":"convertirSgAFormatoReloj","line":10,"loc":{"start":{"line":10,"column":0},"end":{"line":10,"column":52}}},"2":{"name":"adaptarAlReloj","line":27,"loc":{"start":{"line":27,"column":0},"end":{"line":27,"column":44}}},"3":{"name":"darNumeroFormatoCorrecto","line":36,"loc":{"start":{"line":36,"column":0},"end":{"line":36,"column":37}}}},"statementMap":{"1":{"start":{"line":2,"column":0},"end":{"line":2,"column":62}},"2":{"start":{"line":3,"column":0},"end":{"line":3,"column":43}},"3":{"start":{"line":10,"column":0},"end":{"line":22,"column":1}},"4":{"start":{"line":11,"column":4},"end":{"line":13,"column":5}},"5":{"start":{"line":12,"column":8},"end":{"line":12,"column":24}},"6":{"start":{"line":16,"column":4},"end":{"line":16,"column":92}},"7":{"start":{"line":18,"column":4},"end":{"line":18,"column":94}},"8":{"start":{"line":20,"column":4},"end":{"line":20,"column":61}},"9":{"start":{"line":21,"column":4},"end":{"line":21,"column":47}},"10":{"start":{"line":23,"column":0},"end":{"line":23,"column":60}},"11":{"start":{"line":27,"column":0},"end":{"line":32,"column":1}},"12":{"start":{"line":28,"column":4},"end":{"line":28,"column":46}},"13":{"start":{"line":29,"column":4},"end":{"line":29,"column":48}},"14":{"start":{"line":30,"column":4},"end":{"line":30,"column":43}},"15":{"start":{"line":31,"column":4},"end":{"line":31,"column":28}},"16":{"start":{"line":36,"column":0},"end":{"line":38,"column":1}},"17":{"start":{"line":37,"column":4},"end":{"line":37,"column":56}}},"branchMap":{"1":{"line":11,"type":"if","locations":[{"start":{"line":11,"column":4},"end":{"line":11,"column":4}},{"start":{"line":11,"column":4},"end":{"line":11,"column":4}}]},"2":{"line":11,"type":"binary-expr","locations":[{"start":{"line":11,"column":8},"end":{"line":11,"column":18}},{"start":{"line":11,"column":22},"end":{"line":11,"column":35}},{"start":{"line":11,"column":39},"end":{"line":11,"column":49}},{"start":{"line":11,"column":53},"end":{"line":11,"column":61}}]},"3":{"line":37,"type":"cond-expr","locations":[{"start":{"line":37,"column":22},"end":{"line":37,"column":43}},{"start":{"line":37,"column":46},"end":{"line":37,"column":55}}]}}},"/Volumes/DATA/Udemy/Proyects/NPM-Projects-Course/nodets/proyecto-2c-crono/dist/contador.js":{"path":"/Volumes/DATA/Udemy/Proyects/NPM-Projects-Course/nodets/proyecto-2c-crono/dist/contador.js","s":{"1":1,"2":1,"3":1,"4":1,"5":1,"6":1,"7":1,"8":1,"9":4,"10":1},"b":{},"f":{"1":1,"2":1},"fnMap":{"1":{"name":"(anonymous_1)","line":14,"loc":{"start":{"line":14,"column":15},"end":{"line":14,"column":28}}},"2":{"name":"(anonymous_2)","line":24,"loc":{"start":{"line":24,"column":9},"end":{"line":24,"column":63}}}},"statementMap":{"1":{"start":{"line":2,"column":0},"end":{"line":2,"column":62}},"2":{"start":{"line":3,"column":0},"end":{"line":3,"column":43}},"3":{"start":{"line":4,"column":0},"end":{"line":4,"column":64}},"4":{"start":{"line":5,"column":0},"end":{"line":5,"column":53}},"5":{"start":{"line":6,"column":0},"end":{"line":6,"column":45}},"6":{"start":{"line":18,"column":8},"end":{"line":18,"column":30}},"7":{"start":{"line":19,"column":8},"end":{"line":19,"column":34}},"8":{"start":{"line":25,"column":8},"end":{"line":27,"column":12}},"9":{"start":{"line":26,"column":12},"end":{"line":26,"column":82}},"10":{"start":{"line":30,"column":0},"end":{"line":30,"column":28}}},"branchMap":{}},"/Volumes/DATA/Udemy/Proyects/NPM-Projects-Course/nodets/proyecto-2c-crono/dist/descontador.js":{"path":"/Volumes/DATA/Udemy/Proyects/NPM-Projects-Course/nodets/proyecto-2c-crono/dist/descontador.js","s":{"1":1,"2":1,"3":1,"4":1,"5":1,"6":1,"7":1,"8":1,"9":7,"10":1},"b":{},"f":{"1":1,"2":1},"fnMap":{"1":{"name":"(anonymous_1)","line":14,"loc":{"start":{"line":14,"column":15},"end":{"line":14,"column":27}}},"2":{"name":"(anonymous_2)","line":24,"loc":{"start":{"line":24,"column":9},"end":{"line":24,"column":63}}}},"statementMap":{"1":{"start":{"line":2,"column":0},"end":{"line":2,"column":62}},"2":{"start":{"line":3,"column":0},"end":{"line":3,"column":43}},"3":{"start":{"line":4,"column":0},"end":{"line":4,"column":64}},"4":{"start":{"line":5,"column":0},"end":{"line":5,"column":53}},"5":{"start":{"line":6,"column":0},"end":{"line":6,"column":45}},"6":{"start":{"line":18,"column":8},"end":{"line":18,"column":31}},"7":{"start":{"line":19,"column":8},"end":{"line":19,"column":34}},"8":{"start":{"line":25,"column":8},"end":{"line":27,"column":12}},"9":{"start":{"line":26,"column":12},"end":{"line":26,"column":103}},"10":{"start":{"line":30,"column":0},"end":{"line":30,"column":34}}},"branchMap":{}}}