TN:
SF:/Volumes/DATA/Udemy/Proyects/NPM-Projects-Course/nodets/proyecto-2c-crono/dist/index.js
FN:2,__export
FNF:1
FNH:1
FNDA:4,__export
DA:2,1
DA:3,4
DA:5,1
DA:6,1
DA:7,1
DA:8,1
DA:9,1
LF:7
LH:7
BRDA:3,1,0,4
BRDA:3,1,1,0
BRF:2
BRH:1
end_of_record
TN:
SF:/Volumes/DATA/Udemy/Proyects/NPM-Projects-Course/nodets/proyecto-2c-crono/dist/constants.js
FN:7,(anonymous_1)
FNF:1
FNH:1
FNDA:1,(anonymous_1)
DA:2,1
DA:6,1
DA:7,1
DA:8,1
DA:9,1
DA:10,1
DA:11,1
DA:12,1
LF:8
LH:8
BRDA:13,1,0,1
BRDA:13,1,1,1
BRF:2
BRH:2
end_of_record
TN:
SF:/Volumes/DATA/Udemy/Proyects/NPM-Projects-Course/nodets/proyecto-2c-crono/dist/conversion.js
FN:10,convertirSgAFormatoReloj
FN:27,adaptarAlReloj
FN:36,darNumeroFormatoCorrecto
FNF:3
FNH:3
FNDA:24,convertirSgAFormatoReloj
FNDA:22,adaptarAlReloj
FNDA:66,darNumeroFormatoCorrecto
DA:2,1
DA:3,1
DA:10,1
DA:11,24
DA:12,2
DA:16,22
DA:18,22
DA:20,22
DA:21,22
DA:23,1
DA:27,1
DA:28,22
DA:29,22
DA:30,22
DA:31,22
DA:36,1
DA:37,66
LF:17
LH:17
BRDA:11,1,0,2
BRDA:11,1,1,22
BRDA:11,2,0,24
BRDA:11,2,1,17
BRDA:11,2,2,23
BRDA:11,2,3,7
BRDA:37,3,0,56
BRDA:37,3,1,10
BRF:8
BRH:8
end_of_record
TN:
SF:/Volumes/DATA/Udemy/Proyects/NPM-Projects-Course/nodets/proyecto-2c-crono/dist/contador.js
FN:14,(anonymous_1)
FN:24,(anonymous_2)
FNF:2
FNH:2
FNDA:1,(anonymous_1)
FNDA:1,(anonymous_2)
DA:2,1
DA:3,1
DA:4,1
DA:5,1
DA:6,1
DA:18,1
DA:19,1
DA:25,1
DA:26,4
DA:30,1
LF:10
LH:10
BRF:0
BRH:0
end_of_record
TN:
SF:/Volumes/DATA/Udemy/Proyects/NPM-Projects-Course/nodets/proyecto-2c-crono/dist/descontador.js
FN:14,(anonymous_1)
FN:24,(anonymous_2)
FNF:2
FNH:2
FNDA:1,(anonymous_1)
FNDA:1,(anonymous_2)
DA:2,1
DA:3,1
DA:4,1
DA:5,1
DA:6,1
DA:18,1
DA:19,1
DA:25,1
DA:26,7
DA:30,1
LF:10
LH:10
BRF:0
BRH:0
end_of_record
